<?xml version="1.0" encoding="UTF-8"?>
<coverage generated="1701350366525" clover="3.2.0">
  <project timestamp="1701350366525" name="All files">
    <metrics statements="10" coveredstatements="9" conditionals="6" coveredconditionals="4" methods="3" coveredmethods="3" elements="19" coveredelements="16" complexity="0" loc="10" ncloc="10" packages="1" files="2" classes="2"/>
    <file name="bst-node.js" path="/home/ruttoklein/phase-3/Project-Structure/src/bst-node.js">
      <metrics statements="3" coveredstatements="3" conditionals="0" coveredconditionals="0" methods="1" coveredmethods="1"/>
      <line num="4" count="4" type="stmt"/>
      <line num="5" count="4" type="stmt"/>
      <line num="6" count="4" type="stmt"/>
    </file>
    <file name="bst.js" path="/home/ruttoklein/phase-3/Project-Structure/src/bst.js">
      <metrics statements="7" coveredstatements="6" conditionals="6" coveredconditionals="4" methods="2" coveredmethods="2"/>
      <line num="3" count="3" type="stmt"/>
      <line num="6" count="3" type="cond" truecount="2" falsecount="0"/>
      <line num="7" count="2" type="stmt"/>
      <line num="8" count="1" type="cond" truecount="1" falsecount="1"/>
      <line num="9" count="0" type="stmt"/>
      <line num="10" count="1" type="cond" truecount="1" falsecount="1"/>
      <line num="11" count="1" type="stmt"/>
    </file>
  </project>
</coverage>
